1736046875.737869 client started (5956): version 3.2a, socket /tmp/tmux-1000/default, protocol 8
1736046875.738002 on Linux 5.15.0-130-generic #140-Ubuntu SMP Wed Dec 18 17:59:53 UTC 2024
1736046875.738106 using libevent 2.1.12-stable (poll); ncurses 6.3
1736046875.738242 flags are 0x18010000
1736046875.738339 socket is /tmp/tmux-1000/default
1736046875.738450 trying connect
1736046875.738576 connect failed: No such file or directory
1736046875.738683 lock file is /tmp/tmux-1000/default.lock
1736046875.738808 flock succeeded
1736046875.738906 got lock (6)
1736046875.739009 trying connect
1736046875.739115 connect failed: No such file or directory
1736046875.739714 add peer 0x563f684962a0: 7 ((nil))
1736046875.740823 sending message 100 to peer 0x563f684962a0 (4 bytes)
1736046875.740933 sending message 111 to peer 0x563f684962a0 (8 bytes)
1736046875.741027 sending message 101 to peer 0x563f684962a0 (15 bytes)
1736046875.741120 sending message 109 to peer 0x563f684962a0 (4 bytes)
1736046875.741213 sending message 102 to peer 0x563f684962a0 (11 bytes)
1736046875.741304 sending message 108 to peer 0x563f684962a0 (42 bytes)
1736046875.741396 sending message 112 to peer 0x563f684962a0 (58 bytes)
1736046875.741488 sending message 112 to peer 0x563f684962a0 (5 bytes)
1736046875.741580 sending message 112 to peer 0x563f684962a0 (5 bytes)
1736046875.741671 sending message 112 to peer 0x563f684962a0 (6 bytes)
1736046875.741888 sending message 112 to peer 0x563f684962a0 (6 bytes)
1736046875.741982 sending message 112 to peer 0x563f684962a0 (11 bytes)
1736046875.742075 sending message 112 to peer 0x563f684962a0 (10 bytes)
1736046875.742166 sending message 112 to peer 0x563f684962a0 (13 bytes)
1736046875.742259 sending message 112 to peer 0x563f684962a0 (14 bytes)
1736046875.742350 sending message 112 to peer 0x563f684962a0 (19 bytes)
1736046875.742442 sending message 112 to peer 0x563f684962a0 (11 bytes)
1736046875.742533 sending message 112 to peer 0x563f684962a0 (10 bytes)
1736046875.742624 sending message 112 to peer 0x563f684962a0 (15 bytes)
1736046875.742716 sending message 112 to peer 0x563f684962a0 (21 bytes)
1736046875.742808 sending message 112 to peer 0x563f684962a0 (13 bytes)
1736046875.742899 sending message 112 to peer 0x563f684962a0 (7 bytes)
1736046875.742991 sending message 112 to peer 0x563f684962a0 (13 bytes)
1736046875.743082 sending message 112 to peer 0x563f684962a0 (7 bytes)
1736046875.743174 sending message 112 to peer 0x563f684962a0 (13 bytes)
1736046875.743264 sending message 112 to peer 0x563f684962a0 (9 bytes)
1736046875.743357 sending message 112 to peer 0x563f684962a0 (21 bytes)
1736046875.743448 sending message 112 to peer 0x563f684962a0 (13 bytes)
1736046875.743540 sending message 112 to peer 0x563f684962a0 (9 bytes)
1736046875.743632 sending message 112 to peer 0x563f684962a0 (16 bytes)
1736046875.743725 sending message 112 to peer 0x563f684962a0 (13 bytes)
1736046875.743816 sending message 112 to peer 0x563f684962a0 (9 bytes)
1736046875.743908 sending message 112 to peer 0x563f684962a0 (9 bytes)
1736046875.744015 sending message 112 to peer 0x563f684962a0 (12 bytes)
1736046875.744109 sending message 112 to peer 0x563f684962a0 (8 bytes)
1736046875.744200 sending message 112 to peer 0x563f684962a0 (8 bytes)
1736046875.744293 sending message 112 to peer 0x563f684962a0 (13 bytes)
1736046875.744385 sending message 112 to peer 0x563f684962a0 (7 bytes)
1736046875.744477 sending message 112 to peer 0x563f684962a0 (7 bytes)
1736046875.744568 sending message 112 to peer 0x563f684962a0 (9 bytes)
1736046875.744660 sending message 112 to peer 0x563f684962a0 (9 bytes)
1736046875.744751 sending message 112 to peer 0x563f684962a0 (15 bytes)
1736046875.744842 sending message 112 to peer 0x563f684962a0 (13 bytes)
1736046875.744934 sending message 112 to peer 0x563f684962a0 (12 bytes)
1736046875.745025 sending message 112 to peer 0x563f684962a0 (8 bytes)
1736046875.745117 sending message 112 to peer 0x563f684962a0 (14 bytes)
1736046875.745209 sending message 112 to peer 0x563f684962a0 (11 bytes)
1736046875.745300 sending message 112 to peer 0x563f684962a0 (9 bytes)
1736046875.745407 sending message 112 to peer 0x563f684962a0 (10 bytes)
1736046875.745500 sending message 112 to peer 0x563f684962a0 (10 bytes)
1736046875.745593 sending message 112 to peer 0x563f684962a0 (10 bytes)
1736046875.745684 sending message 112 to peer 0x563f684962a0 (10 bytes)
1736046875.745777 sending message 112 to peer 0x563f684962a0 (11 bytes)
1736046875.745868 sending message 112 to peer 0x563f684962a0 (12 bytes)
1736046875.745960 sending message 112 to peer 0x563f684962a0 (12 bytes)
1736046875.746051 sending message 112 to peer 0x563f684962a0 (12 bytes)
1736046875.746144 sending message 112 to peer 0x563f684962a0 (12 bytes)
1736046875.746235 sending message 112 to peer 0x563f684962a0 (12 bytes)
1736046875.746327 sending message 112 to peer 0x563f684962a0 (11 bytes)
1736046875.746418 sending message 112 to peer 0x563f684962a0 (11 bytes)
1736046875.746510 sending message 112 to peer 0x563f684962a0 (12 bytes)
1736046875.746601 sending message 112 to peer 0x563f684962a0 (12 bytes)
1736046875.746694 sending message 112 to peer 0x563f684962a0 (12 bytes)
1736046875.746785 sending message 112 to peer 0x563f684962a0 (12 bytes)
1736046875.747036 sending message 112 to peer 0x563f684962a0 (12 bytes)
1736046875.747076 sending message 112 to peer 0x563f684962a0 (9 bytes)
1736046875.747089 sending message 112 to peer 0x563f684962a0 (12 bytes)
1736046875.747103 sending message 112 to peer 0x563f684962a0 (13 bytes)
1736046875.747116 sending message 112 to peer 0x563f684962a0 (13 bytes)
1736046875.747129 sending message 112 to peer 0x563f684962a0 (13 bytes)
1736046875.747143 sending message 112 to peer 0x563f684962a0 (13 bytes)
1736046875.747250 sending message 112 to peer 0x563f684962a0 (13 bytes)
1736046875.747264 sending message 112 to peer 0x563f684962a0 (8 bytes)
1736046875.747277 sending message 112 to peer 0x563f684962a0 (11 bytes)
1736046875.747291 sending message 112 to peer 0x563f684962a0 (11 bytes)
1736046875.747304 sending message 112 to peer 0x563f684962a0 (11 bytes)
1736046875.747317 sending message 112 to peer 0x563f684962a0 (12 bytes)
1736046875.747330 sending message 112 to peer 0x563f684962a0 (12 bytes)
1736046875.747343 sending message 112 to peer 0x563f684962a0 (12 bytes)
1736046875.747357 sending message 112 to peer 0x563f684962a0 (12 bytes)
1736046875.747370 sending message 112 to peer 0x563f684962a0 (13 bytes)
1736046875.747383 sending message 112 to peer 0x563f684962a0 (13 bytes)
1736046875.747396 sending message 112 to peer 0x563f684962a0 (13 bytes)
1736046875.747409 sending message 112 to peer 0x563f684962a0 (8 bytes)
1736046875.747423 sending message 112 to peer 0x563f684962a0 (13 bytes)
1736046875.747436 sending message 112 to peer 0x563f684962a0 (13 bytes)
1736046875.747449 sending message 112 to peer 0x563f684962a0 (13 bytes)
1736046875.747463 sending message 112 to peer 0x563f684962a0 (13 bytes)
1736046875.747476 sending message 112 to peer 0x563f684962a0 (13 bytes)
1736046875.747489 sending message 112 to peer 0x563f684962a0 (12 bytes)
1736046875.747502 sending message 112 to peer 0x563f684962a0 (12 bytes)
1736046875.747516 sending message 112 to peer 0x563f684962a0 (12 bytes)
1736046875.747529 sending message 112 to peer 0x563f684962a0 (12 bytes)
1736046875.747542 sending message 112 to peer 0x563f684962a0 (13 bytes)
1736046875.747555 sending message 112 to peer 0x563f684962a0 (8 bytes)
1736046875.747568 sending message 112 to peer 0x563f684962a0 (13 bytes)
1736046875.747581 sending message 112 to peer 0x563f684962a0 (13 bytes)
1736046875.747595 sending message 112 to peer 0x563f684962a0 (13 bytes)
1736046875.747608 sending message 112 to peer 0x563f684962a0 (13 bytes)
1736046875.747621 sending message 112 to peer 0x563f684962a0 (13 bytes)
1736046875.747634 sending message 112 to peer 0x563f684962a0 (13 bytes)
1736046875.747648 sending message 112 to peer 0x563f684962a0 (13 bytes)
1736046875.747661 sending message 112 to peer 0x563f684962a0 (12 bytes)
1736046875.747674 sending message 112 to peer 0x563f684962a0 (12 bytes)
1736046875.747687 sending message 112 to peer 0x563f684962a0 (12 bytes)
1736046875.747709 sending message 112 to peer 0x563f684962a0 (8 bytes)
1736046875.747722 sending message 112 to peer 0x563f684962a0 (12 bytes)
1736046875.747736 sending message 112 to peer 0x563f684962a0 (13 bytes)
1736046875.747749 sending message 112 to peer 0x563f684962a0 (13 bytes)
1736046875.747762 sending message 112 to peer 0x563f684962a0 (13 bytes)
1736046875.747775 sending message 112 to peer 0x563f684962a0 (13 bytes)
1736046875.747789 sending message 112 to peer 0x563f684962a0 (13 bytes)
1736046875.747802 sending message 112 to peer 0x563f684962a0 (13 bytes)
1736046875.747815 sending message 112 to peer 0x563f684962a0 (13 bytes)
1736046875.747828 sending message 112 to peer 0x563f684962a0 (13 bytes)
1736046875.747842 sending message 112 to peer 0x563f684962a0 (12 bytes)
1736046875.747855 sending message 112 to peer 0x563f684962a0 (10 bytes)
1736046875.747868 sending message 112 to peer 0x563f684962a0 (12 bytes)
1736046875.747881 sending message 112 to peer 0x563f684962a0 (12 bytes)
1736046875.747895 sending message 112 to peer 0x563f684962a0 (12 bytes)
1736046875.747908 sending message 112 to peer 0x563f684962a0 (13 bytes)
1736046875.747921 sending message 112 to peer 0x563f684962a0 (13 bytes)
1736046875.747934 sending message 112 to peer 0x563f684962a0 (13 bytes)
1736046875.747960 sending message 112 to peer 0x563f684962a0 (13 bytes)
1736046875.747975 sending message 112 to peer 0x563f684962a0 (13 bytes)
1736046875.747988 sending message 112 to peer 0x563f684962a0 (13 bytes)
1736046875.748001 sending message 112 to peer 0x563f684962a0 (13 bytes)
1736046875.748015 sending message 112 to peer 0x563f684962a0 (10 bytes)
1736046875.748028 sending message 112 to peer 0x563f684962a0 (13 bytes)
1736046875.748041 sending message 112 to peer 0x563f684962a0 (12 bytes)
1736046875.748055 sending message 112 to peer 0x563f684962a0 (12 bytes)
1736046875.748068 sending message 112 to peer 0x563f684962a0 (12 bytes)
1736046875.748081 sending message 112 to peer 0x563f684962a0 (10 bytes)
1736046875.748094 sending message 112 to peer 0x563f684962a0 (10 bytes)
1736046875.748107 sending message 112 to peer 0x563f684962a0 (10 bytes)
1736046875.748121 sending message 112 to peer 0x563f684962a0 (12 bytes)
1736046875.748134 sending message 112 to peer 0x563f684962a0 (13 bytes)
1736046875.748147 sending message 112 to peer 0x563f684962a0 (13 bytes)
1736046875.748160 sending message 112 to peer 0x563f684962a0 (13 bytes)
1736046875.748174 sending message 112 to peer 0x563f684962a0 (13 bytes)
1736046875.748187 sending message 112 to peer 0x563f684962a0 (13 bytes)
1736046875.748200 sending message 112 to peer 0x563f684962a0 (10 bytes)
1736046875.748214 sending message 112 to peer 0x563f684962a0 (11 bytes)
1736046875.748227 sending message 112 to peer 0x563f684962a0 (12 bytes)
1736046875.748240 sending message 112 to peer 0x563f684962a0 (12 bytes)
1736046875.748253 sending message 112 to peer 0x563f684962a0 (12 bytes)
1736046875.748266 sending message 112 to peer 0x563f684962a0 (12 bytes)
1736046875.748280 sending message 112 to peer 0x563f684962a0 (12 bytes)
1736046875.748293 sending message 112 to peer 0x563f684962a0 (11 bytes)
1736046875.748306 sending message 112 to peer 0x563f684962a0 (12 bytes)
1736046875.748319 sending message 112 to peer 0x563f684962a0 (12 bytes)
1736046875.748333 sending message 112 to peer 0x563f684962a0 (13 bytes)
1736046875.748346 sending message 112 to peer 0x563f684962a0 (13 bytes)
1736046875.748359 sending message 112 to peer 0x563f684962a0 (13 bytes)
1736046875.748372 sending message 112 to peer 0x563f684962a0 (13 bytes)
1736046875.748385 sending message 112 to peer 0x563f684962a0 (13 bytes)
1736046875.748399 sending message 112 to peer 0x563f684962a0 (10 bytes)
1736046875.748412 sending message 112 to peer 0x563f684962a0 (9 bytes)
1736046875.748425 sending message 112 to peer 0x563f684962a0 (12 bytes)
1736046875.748438 sending message 112 to peer 0x563f684962a0 (13 bytes)
1736046875.748451 sending message 112 to peer 0x563f684962a0 (13 bytes)
1736046875.748465 sending message 112 to peer 0x563f684962a0 (13 bytes)
1736046875.748485 sending message 112 to peer 0x563f684962a0 (13 bytes)
1736046875.748498 sending message 112 to peer 0x563f684962a0 (13 bytes)
1736046875.748511 sending message 112 to peer 0x563f684962a0 (9 bytes)
1736046875.748525 sending message 112 to peer 0x563f684962a0 (12 bytes)
1736046875.748538 sending message 112 to peer 0x563f684962a0 (13 bytes)
1736046875.748551 sending message 112 to peer 0x563f684962a0 (13 bytes)
1736046875.748564 sending message 112 to peer 0x563f684962a0 (13 bytes)
1736046875.748577 sending message 112 to peer 0x563f684962a0 (13 bytes)
1736046875.748591 sending message 112 to peer 0x563f684962a0 (13 bytes)
1736046875.748604 sending message 112 to peer 0x563f684962a0 (11 bytes)
1736046875.748617 sending message 112 to peer 0x563f684962a0 (12 bytes)
1736046875.748630 sending message 112 to peer 0x563f684962a0 (13 bytes)
1736046875.748642 sending message 112 to peer 0x563f684962a0 (13 bytes)
1736046875.748655 sending message 112 to peer 0x563f684962a0 (13 bytes)
1736046875.748669 sending message 112 to peer 0x563f684962a0 (13 bytes)
1736046875.748681 sending message 112 to peer 0x563f684962a0 (13 bytes)
1736046875.748694 sending message 112 to peer 0x563f684962a0 (11 bytes)
1736046875.748707 sending message 112 to peer 0x563f684962a0 (12 bytes)
1736046875.748720 sending message 112 to peer 0x563f684962a0 (12 bytes)
1736046875.748733 sending message 112 to peer 0x563f684962a0 (12 bytes)
1736046875.748746 sending message 112 to peer 0x563f684962a0 (12 bytes)
1736046875.748766 sending message 112 to peer 0x563f684962a0 (12 bytes)
1736046875.748779 sending message 112 to peer 0x563f684962a0 (21 bytes)
1736046875.748792 sending message 112 to peer 0x563f684962a0 (12 bytes)
1736046875.748805 sending message 112 to peer 0x563f684962a0 (9 bytes)
1736046875.748817 sending message 112 to peer 0x563f684962a0 (6 bytes)
1736046875.748830 sending message 112 to peer 0x563f684962a0 (13 bytes)
1736046875.748843 sending message 112 to peer 0x563f684962a0 (10 bytes)
1736046875.748856 sending message 112 to peer 0x563f684962a0 (24 bytes)
1736046875.748869 sending message 112 to peer 0x563f684962a0 (13 bytes)
1736046875.748882 sending message 112 to peer 0x563f684962a0 (9 bytes)
1736046875.748895 sending message 112 to peer 0x563f684962a0 (70 bytes)
1736046875.748907 sending message 112 to peer 0x563f684962a0 (69 bytes)
1736046875.748927 sending message 112 to peer 0x563f684962a0 (12 bytes)
1736046875.748941 sending message 112 to peer 0x563f684962a0 (10 bytes)
1736046875.748953 sending message 112 to peer 0x563f684962a0 (10 bytes)
1736046875.748967 sending message 112 to peer 0x563f684962a0 (24 bytes)
1736046875.748984 sending message 112 to peer 0x563f684962a0 (13 bytes)
1736046875.748997 sending message 112 to peer 0x563f684962a0 (10 bytes)
1736046875.749010 sending message 112 to peer 0x563f684962a0 (10 bytes)
1736046875.749023 sending message 112 to peer 0x563f684962a0 (10 bytes)
1736046875.749036 sending message 112 to peer 0x563f684962a0 (13 bytes)
1736046875.749049 sending message 112 to peer 0x563f684962a0 (15 bytes)
1736046875.749061 sending message 112 to peer 0x563f684962a0 (5 bytes)
1736046875.749078 sending message 104 to peer 0x563f684962a0 (0 bytes)
1736046875.749093 sending message 110 to peer 0x563f684962a0 (0 bytes)
1736046875.749109 sending message 107 to peer 0x563f684962a0 (4 bytes)
1736046875.749122 sending message 105 to peer 0x563f684962a0 (41 bytes)
1736046875.749135 sending message 105 to peer 0x563f684962a0 (112 bytes)
1736046875.749148 sending message 105 to peer 0x563f684962a0 (86 bytes)
1736046875.749161 sending message 105 to peer 0x563f684962a0 (30 bytes)
1736046875.749174 sending message 105 to peer 0x563f684962a0 (31 bytes)
1736046875.749191 sending message 105 to peer 0x563f684962a0 (17 bytes)
1736046875.749204 sending message 105 to peer 0x563f684962a0 (21 bytes)
1736046875.749217 sending message 105 to peer 0x563f684962a0 (51 bytes)
1736046875.749230 sending message 105 to peer 0x563f684962a0 (46 bytes)
1736046875.749243 sending message 105 to peer 0x563f684962a0 (52 bytes)
1736046875.749263 sending message 105 to peer 0x563f684962a0 (13 bytes)
1736046875.749276 sending message 105 to peer 0x563f684962a0 (25 bytes)
1736046875.749288 sending message 105 to peer 0x563f684962a0 (58 bytes)
1736046875.749302 sending message 105 to peer 0x563f684962a0 (19 bytes)
1736046875.749315 sending message 105 to peer 0x563f684962a0 (54 bytes)
1736046875.749328 sending message 105 to peer 0x563f684962a0 (11 bytes)
1736046875.749341 sending message 105 to peer 0x563f684962a0 (15 bytes)
1736046875.749354 sending message 105 to peer 0x563f684962a0 (159 bytes)
1736046875.749367 sending message 105 to peer 0x563f684962a0 (28 bytes)
1736046875.749380 sending message 105 to peer 0x563f684962a0 (47 bytes)
1736046875.749400 sending message 105 to peer 0x563f684962a0 (29 bytes)
1736046875.749414 sending message 105 to peer 0x563f684962a0 (19 bytes)
1736046875.749427 sending message 105 to peer 0x563f684962a0 (44 bytes)
1736046875.749440 sending message 105 to peer 0x563f684962a0 (17 bytes)
1736046875.749453 sending message 105 to peer 0x563f684962a0 (52 bytes)
1736046875.749465 sending message 105 to peer 0x563f684962a0 (29 bytes)
1736046875.749478 sending message 105 to peer 0x563f684962a0 (173 bytes)
1736046875.749491 sending message 105 to peer 0x563f684962a0 (31 bytes)
1736046875.749504 sending message 105 to peer 0x563f684962a0 (19 bytes)
1736046875.749517 sending message 105 to peer 0x563f684962a0 (18 bytes)
1736046875.749530 sending message 105 to peer 0x563f684962a0 (21 bytes)
1736046875.749543 sending message 105 to peer 0x563f684962a0 (16 bytes)
1736046875.749556 sending message 105 to peer 0x563f684962a0 (27 bytes)
1736046875.749569 sending message 105 to peer 0x563f684962a0 (15 bytes)
1736046875.749582 sending message 105 to peer 0x563f684962a0 (70 bytes)
1736046875.749599 sending message 105 to peer 0x563f684962a0 (37 bytes)
1736046875.749613 sending message 105 to peer 0x563f684962a0 (20 bytes)
1736046875.749626 sending message 105 to peer 0x563f684962a0 (23 bytes)
1736046875.749639 sending message 105 to peer 0x563f684962a0 (20 bytes)
1736046875.749652 sending message 105 to peer 0x563f684962a0 (20 bytes)
1736046875.749665 sending message 105 to peer 0x563f684962a0 (11 bytes)
1736046875.749678 sending message 105 to peer 0x563f684962a0 (8 bytes)
1736046875.749691 sending message 105 to peer 0x563f684962a0 (21 bytes)
1736046875.749704 sending message 105 to peer 0x563f684962a0 (29 bytes)
1736046875.749717 sending message 105 to peer 0x563f684962a0 (11 bytes)
1736046875.749730 sending message 105 to peer 0x563f684962a0 (8 bytes)
1736046875.749743 sending message 105 to peer 0x563f684962a0 (32 bytes)
1736046875.749756 sending message 105 to peer 0x563f684962a0 (1519 bytes)
1736046875.749794 sending message 105 to peer 0x563f684962a0 (27 bytes)
1736046875.749808 sending message 105 to peer 0x563f684962a0 (16 bytes)
1736046875.749821 sending message 105 to peer 0x563f684962a0 (54 bytes)
1736046875.749835 sending message 105 to peer 0x563f684962a0 (63 bytes)
1736046875.749848 sending message 105 to peer 0x563f684962a0 (16 bytes)
1736046875.749861 sending message 106 to peer 0x563f684962a0 (0 bytes)
1736046875.749879 sending message 200 to peer 0x563f684962a0 (4 bytes)
1736046875.749892 client loop enter
1736046875.750068 client_signal: Child exited
1736046876.043992 peer 0x563f684962a0 message 207
1736046876.044015 sending message 208 to peer 0x563f684962a0 (0 bytes)
1736046916.509753 peer 0x563f684962a0 message 203
1736046916.509777 sending message 205 to peer 0x563f684962a0 (0 bytes)
1736046916.510919 peer 0x563f684962a0 message 204
1736046916.510936 client loop exit
